<?xml version="1.0" encoding="UTF-8"?>
<robot generator="Robot 7.3.2 (Python 3.11.5 on win32)" generated="2025-11-15T14:30:42.000283" rpa="false" schemaversion="5">
<suite id="s1" name="Exemplo" source="C:\Projects\robot-meu-timao\robot-meu-timao\tests\exemplo.robot">
<test id="s1-t1" name="Abrir Google E Verificar Titulo" line="5">
<kw name="New Browser" owner="Browser">
<msg time="2025-11-15T14:30:42.410747" level="INFO">{"browser": "chromium", "headless": true, "chromiumSandbox": false, "devtools": false, "handleSIGHUP": true, "handleSIGINT": true, "handleSIGTERM": true, "slowMo": 0.0, "timeout": 30000.0, "tracesDir": "C:\\Projects\\robot-meu-timao\\robot-meu-timao\\browser\\traces\\temp\\34b9445a-7167-49d2-afc0-8517a4a3d2a4"}</msg>
<msg time="2025-11-15T14:30:42.451478" level="INFO">Starting Browser process C:\Projects\robot-meu-timao\venv\Lib\site-packages\Browser\wrapper\index.js using at 127.0.0.1:54712</msg>
<msg time="2025-11-15T14:30:43.674514" level="INFO">Successfully created browser with options: {"browser":"chromium","headless":true,"chromiumSandbox":false,"devtools":false,"handleSIGHUP":true,"handleSIGINT":true,"handleSIGTERM":true,"slowMo":0,"timeout":30000,"tracesDir":"C:\\Projects\\robot-meu-timao\\robot-meu-timao\\browser\\traces\\temp\\34b9445a-7167-49d2-afc0-8517a4a3d2a4"}</msg>
<arg>chromium</arg>
<tag>BrowserControl</tag>
<tag>Setter</tag>
<doc>Create a new playwright Browser with specified options.</doc>
<status status="PASS" start="2025-11-15T14:30:42.408739" elapsed="1.265775"/>
</kw>
<kw name="New Page" owner="Browser">
<msg time="2025-11-15T14:30:51.650879" level="INFO">Successfully initialized new page object and opened url: https://www.google.com</msg>
<msg time="2025-11-15T14:30:51.650879" level="INFO">No context was open. New context was automatically opened when this page is created.</msg>
<arg>https://www.google.com</arg>
<tag>BrowserControl</tag>
<tag>Setter</tag>
<doc>Open a new Page.</doc>
<status status="PASS" start="2025-11-15T14:30:43.675515" elapsed="7.976369"/>
</kw>
<kw name="Get Title" owner="Browser">
<msg time="2025-11-15T14:30:51.660390" level="INFO">Title: 'Google'</msg>
<arg>==</arg>
<arg>Google</arg>
<tag>Assertion</tag>
<tag>Getter</tag>
<tag>PageContent</tag>
<doc>Returns the title of the current page.</doc>
<status status="PASS" start="2025-11-15T14:30:51.651884" elapsed="0.009504"/>
</kw>
<msg time="2025-11-15T14:30:51.683003" level="INFO">Switching context to context=1123cf60-753e-4f15-b79c-2679564108df in CURRENT</msg>
<msg time="2025-11-15T14:30:51.694537" level="INFO">Successfully changed active context: context=1123cf60-753e-4f15-b79c-2679564108df</msg>
<msg time="2025-11-15T14:30:51.706012" level="INFO">Successfully closed Context</msg>
<status status="PASS" start="2025-11-15T14:30:42.407232" elapsed="9.254156"/>
</test>
<status status="PASS" start="2025-11-15T14:30:42.002495" elapsed="9.704516"/>
</suite>
<statistics>
<total>
<stat pass="1" fail="0" skip="0">All Tests</stat>
</total>
<tag>
</tag>
<suite>
<stat name="Exemplo" id="s1" pass="1" fail="0" skip="0">Exemplo</stat>
</suite>
</statistics>
<errors>
</errors>
</robot>
